<?xml version="1.0" encoding="UTF-8"?>
<testsuite name="jojoidu.boot.springboot.web.IndexControllerTest" tests="1" skipped="0" failures="0" errors="0" timestamp="2020-08-16T06:32:37" hostname="DESKTOP-19DAI7L" time="0.583">
  <properties/>
  <testcase name="roadIndexPage" classname="jojoidu.boot.springboot.web.IndexControllerTest" time="0.583"/>
  <system-out><![CDATA[15:32:24.927 [Test worker] DEBUG org.springframework.test.context.junit4.SpringJUnit4ClassRunner - SpringJUnit4ClassRunner constructor called with [class jojoidu.boot.springboot.web.IndexControllerTest]
15:32:24.945 [Test worker] DEBUG org.springframework.test.context.BootstrapUtils - Instantiating CacheAwareContextLoaderDelegate from class [org.springframework.test.context.cache.DefaultCacheAwareContextLoaderDelegate]
15:32:24.976 [Test worker] DEBUG org.springframework.test.context.BootstrapUtils - Instantiating BootstrapContext using constructor [public org.springframework.test.context.support.DefaultBootstrapContext(java.lang.Class,org.springframework.test.context.CacheAwareContextLoaderDelegate)]
15:32:25.020 [Test worker] DEBUG org.springframework.test.context.BootstrapUtils - Instantiating TestContextBootstrapper for test class [jojoidu.boot.springboot.web.IndexControllerTest] from class [org.springframework.boot.test.context.SpringBootTestContextBootstrapper]
15:32:25.053 [Test worker] INFO org.springframework.boot.test.context.SpringBootTestContextBootstrapper - Neither @ContextConfiguration nor @ContextHierarchy found for test class [jojoidu.boot.springboot.web.IndexControllerTest], using SpringBootContextLoader
15:32:25.061 [Test worker] DEBUG org.springframework.test.context.support.AbstractContextLoader - Did not detect default resource location for test class [jojoidu.boot.springboot.web.IndexControllerTest]: class path resource [jojoidu/boot/springboot/web/IndexControllerTest-context.xml] does not exist
15:32:25.061 [Test worker] DEBUG org.springframework.test.context.support.AbstractContextLoader - Did not detect default resource location for test class [jojoidu.boot.springboot.web.IndexControllerTest]: class path resource [jojoidu/boot/springboot/web/IndexControllerTestContext.groovy] does not exist
15:32:25.062 [Test worker] INFO org.springframework.test.context.support.AbstractContextLoader - Could not detect default resource locations for test class [jojoidu.boot.springboot.web.IndexControllerTest]: no resource found for suffixes {-context.xml, Context.groovy}.
15:32:25.063 [Test worker] INFO org.springframework.test.context.support.AnnotationConfigContextLoaderUtils - Could not detect default configuration classes for test class [jojoidu.boot.springboot.web.IndexControllerTest]: IndexControllerTest does not declare any static, non-private, non-final, nested classes annotated with @Configuration.
15:32:25.150 [Test worker] DEBUG org.springframework.test.context.support.ActiveProfilesUtils - Could not find an 'annotation declaring class' for annotation type [org.springframework.test.context.ActiveProfiles] and class [jojoidu.boot.springboot.web.IndexControllerTest]
15:32:25.369 [Test worker] DEBUG org.springframework.context.annotation.ClassPathScanningCandidateComponentProvider - Identified candidate component class: file [C:\project\springboot2-webservice\build\classes\java\main\jojoidu\boot\springboot\Application.class]
15:32:25.375 [Test worker] INFO org.springframework.boot.test.context.SpringBootTestContextBootstrapper - Found @SpringBootConfiguration jojoidu.boot.springboot.Application for test class jojoidu.boot.springboot.web.IndexControllerTest
15:32:25.635 [Test worker] DEBUG org.springframework.boot.test.context.SpringBootTestContextBootstrapper - @TestExecutionListeners is not present for class [jojoidu.boot.springboot.web.IndexControllerTest]: using defaults.
15:32:25.637 [Test worker] INFO org.springframework.boot.test.context.SpringBootTestContextBootstrapper - Loaded default TestExecutionListener class names from location [META-INF/spring.factories]: [org.springframework.boot.test.autoconfigure.restdocs.RestDocsTestExecutionListener, org.springframework.boot.test.autoconfigure.web.client.MockRestServiceServerResetTestExecutionListener, org.springframework.boot.test.autoconfigure.web.servlet.MockMvcPrintOnlyOnFailureTestExecutionListener, org.springframework.boot.test.autoconfigure.web.servlet.WebDriverTestExecutionListener, org.springframework.boot.test.mock.mockito.MockitoTestExecutionListener, org.springframework.boot.test.mock.mockito.ResetMocksTestExecutionListener, org.springframework.test.context.web.ServletTestExecutionListener, org.springframework.test.context.support.DirtiesContextBeforeModesTestExecutionListener, org.springframework.test.context.support.DependencyInjectionTestExecutionListener, org.springframework.test.context.support.DirtiesContextTestExecutionListener, org.springframework.test.context.transaction.TransactionalTestExecutionListener, org.springframework.test.context.jdbc.SqlScriptsTestExecutionListener]
15:32:25.694 [Test worker] INFO org.springframework.boot.test.context.SpringBootTestContextBootstrapper - Using TestExecutionListeners: [org.springframework.test.context.web.ServletTestExecutionListener@52a47d7e, org.springframework.test.context.support.DirtiesContextBeforeModesTestExecutionListener@19fbc8aa, org.springframework.boot.test.mock.mockito.MockitoTestExecutionListener@49092b9c, org.springframework.boot.test.autoconfigure.SpringBootDependencyInjectionTestExecutionListener@267c539d, org.springframework.test.context.support.DirtiesContextTestExecutionListener@574285a1, org.springframework.test.context.transaction.TransactionalTestExecutionListener@103bb97b, org.springframework.test.context.jdbc.SqlScriptsTestExecutionListener@10ee252b, org.springframework.boot.test.autoconfigure.restdocs.RestDocsTestExecutionListener@544a6c10, org.springframework.boot.test.autoconfigure.web.client.MockRestServiceServerResetTestExecutionListener@17e694b5, org.springframework.boot.test.autoconfigure.web.servlet.MockMvcPrintOnlyOnFailureTestExecutionListener@5adb0753, org.springframework.boot.test.autoconfigure.web.servlet.WebDriverTestExecutionListener@3bfda65e, org.springframework.boot.test.mock.mockito.ResetMocksTestExecutionListener@3c5067dd]
15:32:25.700 [Test worker] DEBUG org.springframework.test.annotation.ProfileValueUtils - Retrieved @ProfileValueSourceConfiguration [null] for test class [jojoidu.boot.springboot.web.IndexControllerTest]
15:32:25.702 [Test worker] DEBUG org.springframework.test.annotation.ProfileValueUtils - Retrieved ProfileValueSource type [class org.springframework.test.annotation.SystemProfileValueSource] for class [jojoidu.boot.springboot.web.IndexControllerTest]
15:32:25.710 [Test worker] DEBUG org.springframework.test.annotation.ProfileValueUtils - Retrieved @ProfileValueSourceConfiguration [null] for test class [jojoidu.boot.springboot.web.IndexControllerTest]
15:32:25.711 [Test worker] DEBUG org.springframework.test.annotation.ProfileValueUtils - Retrieved ProfileValueSource type [class org.springframework.test.annotation.SystemProfileValueSource] for class [jojoidu.boot.springboot.web.IndexControllerTest]
15:32:25.712 [Test worker] DEBUG org.springframework.test.annotation.ProfileValueUtils - Retrieved @ProfileValueSourceConfiguration [null] for test class [jojoidu.boot.springboot.web.IndexControllerTest]
15:32:25.713 [Test worker] DEBUG org.springframework.test.annotation.ProfileValueUtils - Retrieved ProfileValueSource type [class org.springframework.test.annotation.SystemProfileValueSource] for class [jojoidu.boot.springboot.web.IndexControllerTest]
15:32:25.726 [Test worker] DEBUG org.springframework.test.context.support.AbstractDirtiesContextTestExecutionListener - Before test class: context [DefaultTestContext@67237735 testClass = IndexControllerTest, testInstance = [null], testMethod = [null], testException = [null], mergedContextConfiguration = [WebMergedContextConfiguration@185a9b34 testClass = IndexControllerTest, locations = '{}', classes = '{class jojoidu.boot.springboot.Application}', contextInitializerClasses = '[]', activeProfiles = '{}', propertySourceLocations = '{}', propertySourceProperties = '{org.springframework.boot.test.context.SpringBootTestContextBootstrapper=true, server.port=0}', contextCustomizers = set[org.springframework.boot.test.autoconfigure.properties.PropertyMappingContextCustomizer@0, org.springframework.boot.test.autoconfigure.web.servlet.WebDriverContextCustomizerFactory$Customizer@d01804, org.springframework.boot.test.context.filter.ExcludeFilterContextCustomizer@31284041, org.springframework.boot.test.json.DuplicateJsonObjectContextCustomizerFactory$DuplicateJsonObjectContextCustomizer@5e49b56a, org.springframework.boot.test.mock.mockito.MockitoContextCustomizer@0, org.springframework.boot.test.web.client.TestRestTemplateContextCustomizer@23de6c], resourceBasePath = 'src/main/webapp', contextLoader = 'org.springframework.boot.test.context.SpringBootContextLoader', parent = [null]], attributes = map['org.springframework.test.context.web.ServletTestExecutionListener.activateListener' -> false]], class annotated with @DirtiesContext [false] with mode [null].
15:32:25.727 [Test worker] DEBUG org.springframework.test.annotation.ProfileValueUtils - Retrieved @ProfileValueSourceConfiguration [null] for test class [jojoidu.boot.springboot.web.IndexControllerTest]
15:32:25.728 [Test worker] DEBUG org.springframework.test.annotation.ProfileValueUtils - Retrieved ProfileValueSource type [class org.springframework.test.annotation.SystemProfileValueSource] for class [jojoidu.boot.springboot.web.IndexControllerTest]
15:32:25.741 [Test worker] DEBUG org.springframework.test.context.support.DependencyInjectionTestExecutionListener - Performing dependency injection for test context [[DefaultTestContext@67237735 testClass = IndexControllerTest, testInstance = jojoidu.boot.springboot.web.IndexControllerTest@499fc146, testMethod = [null], testException = [null], mergedContextConfiguration = [WebMergedContextConfiguration@185a9b34 testClass = IndexControllerTest, locations = '{}', classes = '{class jojoidu.boot.springboot.Application}', contextInitializerClasses = '[]', activeProfiles = '{}', propertySourceLocations = '{}', propertySourceProperties = '{org.springframework.boot.test.context.SpringBootTestContextBootstrapper=true, server.port=0}', contextCustomizers = set[org.springframework.boot.test.autoconfigure.properties.PropertyMappingContextCustomizer@0, org.springframework.boot.test.autoconfigure.web.servlet.WebDriverContextCustomizerFactory$Customizer@d01804, org.springframework.boot.test.context.filter.ExcludeFilterContextCustomizer@31284041, org.springframework.boot.test.json.DuplicateJsonObjectContextCustomizerFactory$DuplicateJsonObjectContextCustomizer@5e49b56a, org.springframework.boot.test.mock.mockito.MockitoContextCustomizer@0, org.springframework.boot.test.web.client.TestRestTemplateContextCustomizer@23de6c], resourceBasePath = 'src/main/webapp', contextLoader = 'org.springframework.boot.test.context.SpringBootContextLoader', parent = [null]], attributes = map['org.springframework.test.context.web.ServletTestExecutionListener.activateListener' -> false]]].
15:32:25.801 [Test worker] DEBUG org.springframework.test.context.support.TestPropertySourceUtils - Adding inlined properties to environment: {spring.jmx.enabled=false, org.springframework.boot.test.context.SpringBootTestContextBootstrapper=true, server.port=0}

  .   ____          _            __ _ _
 /\\ / ___'_ __ _ _(_)_ __  __ _ \ \ \ \
( ( )\___ | '_ | '_| | '_ \/ _` | \ \ \ \
 \\/  ___)| |_)| | | | | || (_| |  ) ) ) )
  '  |____| .__|_| |_|_| |_\__, | / / / /
 =========|_|==============|___/=/_/_/_/
 :: Spring Boot ::        (v2.1.7.RELEASE)

2020-08-16 15:32:26.278  INFO 15572 --- [    Test worker] j.b.springboot.web.IndexControllerTest   : Starting IndexControllerTest on DESKTOP-19DAI7L with PID 15572 (started by TAEWOONG in C:\project\springboot2-webservice)
2020-08-16 15:32:26.280  INFO 15572 --- [    Test worker] j.b.springboot.web.IndexControllerTest   : No active profile set, falling back to default profiles: default
2020-08-16 15:32:27.684  INFO 15572 --- [    Test worker] .s.d.r.c.RepositoryConfigurationDelegate : Bootstrapping Spring Data repositories in DEFAULT mode.
2020-08-16 15:32:27.886  INFO 15572 --- [    Test worker] .s.d.r.c.RepositoryConfigurationDelegate : Finished Spring Data repository scanning in 182ms. Found 1 repository interfaces.
2020-08-16 15:32:28.907  INFO 15572 --- [    Test worker] trationDelegate$BeanPostProcessorChecker : Bean 'org.springframework.transaction.annotation.ProxyTransactionManagementConfiguration' of type [org.springframework.transaction.annotation.ProxyTransactionManagementConfiguration$$EnhancerBySpringCGLIB$$395e822] is not eligible for getting processed by all BeanPostProcessors (for example: not eligible for auto-proxying)
2020-08-16 15:32:29.895  INFO 15572 --- [    Test worker] o.s.b.w.embedded.tomcat.TomcatWebServer  : Tomcat initialized with port(s): 0 (http)
2020-08-16 15:32:30.009  INFO 15572 --- [    Test worker] o.apache.catalina.core.StandardService   : Starting service [Tomcat]
2020-08-16 15:32:30.012  INFO 15572 --- [    Test worker] org.apache.catalina.core.StandardEngine  : Starting Servlet engine: [Apache Tomcat/9.0.22]
2020-08-16 15:32:30.430  INFO 15572 --- [    Test worker] o.a.c.c.C.[Tomcat].[localhost].[/]       : Initializing Spring embedded WebApplicationContext
2020-08-16 15:32:30.431  INFO 15572 --- [    Test worker] o.s.web.context.ContextLoader            : Root WebApplicationContext: initialization completed in 4116 ms
2020-08-16 15:32:31.082  INFO 15572 --- [    Test worker] com.zaxxer.hikari.HikariDataSource       : HikariPool-1 - Starting...
2020-08-16 15:32:31.762  INFO 15572 --- [    Test worker] com.zaxxer.hikari.HikariDataSource       : HikariPool-1 - Start completed.
2020-08-16 15:32:31.964  INFO 15572 --- [    Test worker] o.hibernate.jpa.internal.util.LogHelper  : HHH000204: Processing PersistenceUnitInfo [
	name: default
	...]
2020-08-16 15:32:32.144  INFO 15572 --- [    Test worker] org.hibernate.Version                    : HHH000412: Hibernate Core {5.3.10.Final}
2020-08-16 15:32:32.148  INFO 15572 --- [    Test worker] org.hibernate.cfg.Environment            : HHH000206: hibernate.properties not found
2020-08-16 15:32:32.794  INFO 15572 --- [    Test worker] o.hibernate.annotations.common.Version   : HCANN000001: Hibernate Commons Annotations {5.0.4.Final}
2020-08-16 15:32:33.751  INFO 15572 --- [    Test worker] org.hibernate.dialect.Dialect            : HHH000400: Using dialect: org.hibernate.dialect.H2Dialect
Hibernate: drop table posts if exists
Hibernate: create table posts (id bigint generated by default as identity, created_date timestamp, modified_date timestamp, author varchar(255), content TEXT not null, title varchar(500) not null, primary key (id))
2020-08-16 15:32:35.499  INFO 15572 --- [    Test worker] o.h.t.schema.internal.SchemaCreatorImpl  : HHH000476: Executing import script 'org.hibernate.tool.schema.internal.exec.ScriptSourceInputNonExistentImpl@4ed32396'
2020-08-16 15:32:35.506  INFO 15572 --- [    Test worker] j.LocalContainerEntityManagerFactoryBean : Initialized JPA EntityManagerFactory for persistence unit 'default'
2020-08-16 15:32:37.118  INFO 15572 --- [    Test worker] o.s.s.concurrent.ThreadPoolTaskExecutor  : Initializing ExecutorService 'applicationTaskExecutor'
2020-08-16 15:32:37.245  WARN 15572 --- [    Test worker] aWebConfiguration$JpaWebMvcConfiguration : spring.jpa.open-in-view is enabled by default. Therefore, database queries may be performed during view rendering. Explicitly configure spring.jpa.open-in-view to disable this warning
2020-08-16 15:32:37.345  INFO 15572 --- [    Test worker] o.s.b.a.w.s.WelcomePageHandlerMapping    : Adding welcome page template: index
2020-08-16 15:32:37.972  INFO 15572 --- [    Test worker] o.s.b.w.embedded.tomcat.TomcatWebServer  : Tomcat started on port(s): 3416 (http) with context path ''
2020-08-16 15:32:37.977  INFO 15572 --- [    Test worker] j.b.springboot.web.IndexControllerTest   : Started IndexControllerTest in 12.171 seconds (JVM running for 14.909)
2020-08-16 15:32:38.301  INFO 15572 --- [o-auto-1-exec-1] o.a.c.c.C.[Tomcat].[localhost].[/]       : Initializing Spring DispatcherServlet 'dispatcherServlet'
2020-08-16 15:32:38.302  INFO 15572 --- [o-auto-1-exec-1] o.s.web.servlet.DispatcherServlet        : Initializing Servlet 'dispatcherServlet'
2020-08-16 15:32:38.346  INFO 15572 --- [o-auto-1-exec-1] o.s.web.servlet.DispatcherServlet        : Completed initialization in 44 ms
]]></system-out>
  <system-err><![CDATA[]]></system-err>
</testsuite>
