<?xml version="1.0" encoding="UTF-8"?>
<testsuite name="jojoidu.boot.springboot.web.IndexControllerTest" tests="1" skipped="0" failures="0" errors="0" timestamp="2021-01-13T09:32:03" hostname="anteunnoMac-mini.local" time="0.143">
  <properties/>
  <testcase name="roadIndexPage" classname="jojoidu.boot.springboot.web.IndexControllerTest" time="0.143"/>
  <system-out><![CDATA[2021-01-13 18:32:00.031  INFO 62609 --- [    Test worker] .b.t.c.SpringBootTestContextBootstrapper : Neither @ContextConfiguration nor @ContextHierarchy found for test class [jojoidu.boot.springboot.web.IndexControllerTest], using SpringBootContextLoader
2021-01-13 18:32:00.032  INFO 62609 --- [    Test worker] o.s.t.c.support.AbstractContextLoader    : Could not detect default resource locations for test class [jojoidu.boot.springboot.web.IndexControllerTest]: no resource found for suffixes {-context.xml, Context.groovy}.
2021-01-13 18:32:00.032  INFO 62609 --- [    Test worker] t.c.s.AnnotationConfigContextLoaderUtils : Could not detect default configuration classes for test class [jojoidu.boot.springboot.web.IndexControllerTest]: IndexControllerTest does not declare any static, non-private, non-final, nested classes annotated with @Configuration.
2021-01-13 18:32:00.033  INFO 62609 --- [    Test worker] .b.t.c.SpringBootTestContextBootstrapper : Found @SpringBootConfiguration jojoidu.boot.springboot.Application for test class jojoidu.boot.springboot.web.IndexControllerTest
2021-01-13 18:32:00.034  INFO 62609 --- [    Test worker] .b.t.c.SpringBootTestContextBootstrapper : Loaded default TestExecutionListener class names from location [META-INF/spring.factories]: [org.springframework.security.test.context.support.WithSecurityContextTestExecutionListener, org.springframework.security.test.context.support.ReactorContextTestExecutionListener, org.springframework.boot.test.autoconfigure.restdocs.RestDocsTestExecutionListener, org.springframework.boot.test.autoconfigure.web.client.MockRestServiceServerResetTestExecutionListener, org.springframework.boot.test.autoconfigure.web.servlet.MockMvcPrintOnlyOnFailureTestExecutionListener, org.springframework.boot.test.autoconfigure.web.servlet.WebDriverTestExecutionListener, org.springframework.boot.test.mock.mockito.MockitoTestExecutionListener, org.springframework.boot.test.mock.mockito.ResetMocksTestExecutionListener, org.springframework.test.context.web.ServletTestExecutionListener, org.springframework.test.context.support.DirtiesContextBeforeModesTestExecutionListener, org.springframework.test.context.support.DependencyInjectionTestExecutionListener, org.springframework.test.context.support.DirtiesContextTestExecutionListener, org.springframework.test.context.transaction.TransactionalTestExecutionListener, org.springframework.test.context.jdbc.SqlScriptsTestExecutionListener]
2021-01-13 18:32:00.034  INFO 62609 --- [    Test worker] .b.t.c.SpringBootTestContextBootstrapper : Using TestExecutionListeners: [org.springframework.test.context.web.ServletTestExecutionListener@54949166, org.springframework.test.context.support.DirtiesContextBeforeModesTestExecutionListener@6b5ce9eb, org.springframework.boot.test.mock.mockito.MockitoTestExecutionListener@699fdb35, org.springframework.boot.test.autoconfigure.SpringBootDependencyInjectionTestExecutionListener@621e7100, org.springframework.test.context.support.DirtiesContextTestExecutionListener@12f1d384, org.springframework.test.context.transaction.TransactionalTestExecutionListener@1e6e7380, org.springframework.test.context.jdbc.SqlScriptsTestExecutionListener@9bf550b, org.springframework.security.test.context.support.WithSecurityContextTestExecutionListener@1838b34d, org.springframework.security.test.context.support.ReactorContextTestExecutionListener@4c92e3d, org.springframework.boot.test.autoconfigure.restdocs.RestDocsTestExecutionListener@69d6bf57, org.springframework.boot.test.autoconfigure.web.client.MockRestServiceServerResetTestExecutionListener@1a32a86b, org.springframework.boot.test.autoconfigure.web.servlet.MockMvcPrintOnlyOnFailureTestExecutionListener@474dc2bb, org.springframework.boot.test.autoconfigure.web.servlet.WebDriverTestExecutionListener@a38b4a9, org.springframework.boot.test.mock.mockito.ResetMocksTestExecutionListener@56c88ebe]

  .   ____          _            __ _ _
 /\\ / ___'_ __ _ _(_)_ __  __ _ \ \ \ \
( ( )\___ | '_ | '_| | '_ \/ _` | \ \ \ \
 \\/  ___)| |_)| | | | | || (_| |  ) ) ) )
  '  |____| .__|_| |_|_| |_\__, | / / / /
 =========|_|==============|___/=/_/_/_/
 :: Spring Boot ::        (v2.1.7.RELEASE)

2021-01-13 18:32:00.058  INFO 62609 --- [    Test worker] j.b.springboot.web.IndexControllerTest   : Starting IndexControllerTest on anteunnoMac-mini.local with PID 62609 (started by twan in /Users/twan/projects/springboot2-webservice)
2021-01-13 18:32:00.058  INFO 62609 --- [    Test worker] j.b.springboot.web.IndexControllerTest   : The following profiles are active: oauth
2021-01-13 18:32:00.281  INFO 62609 --- [    Test worker] .s.d.r.c.RepositoryConfigurationDelegate : Multiple Spring Data modules found, entering strict repository configuration mode!
2021-01-13 18:32:00.282  INFO 62609 --- [    Test worker] .s.d.r.c.RepositoryConfigurationDelegate : Bootstrapping Spring Data repositories in DEFAULT mode.
2021-01-13 18:32:00.327  INFO 62609 --- [    Test worker] .s.d.r.c.RepositoryConfigurationDelegate : Finished Spring Data repository scanning in 38ms. Found 2 repository interfaces.
2021-01-13 18:32:00.334  INFO 62609 --- [    Test worker] .s.d.r.c.RepositoryConfigurationDelegate : Multiple Spring Data modules found, entering strict repository configuration mode!
2021-01-13 18:32:00.335  INFO 62609 --- [    Test worker] .s.d.r.c.RepositoryConfigurationDelegate : Bootstrapping Spring Data repositories in DEFAULT mode.
2021-01-13 18:32:00.347  INFO 62609 --- [    Test worker] .RepositoryConfigurationExtensionSupport : Spring Data Redis - Could not safely identify store assignment for repository candidate interface jojoidu.boot.springboot.domain.posts.PostsRepository.
2021-01-13 18:32:00.347  INFO 62609 --- [    Test worker] .RepositoryConfigurationExtensionSupport : Spring Data Redis - Could not safely identify store assignment for repository candidate interface jojoidu.boot.springboot.domain.user.UserRepository.
2021-01-13 18:32:00.347  INFO 62609 --- [    Test worker] .s.d.r.c.RepositoryConfigurationDelegate : Finished Spring Data repository scanning in 6ms. Found 0 repository interfaces.
2021-01-13 18:32:00.525  INFO 62609 --- [    Test worker] trationDelegate$BeanPostProcessorChecker : Bean 'org.springframework.transaction.annotation.ProxyTransactionManagementConfiguration' of type [org.springframework.transaction.annotation.ProxyTransactionManagementConfiguration$$EnhancerBySpringCGLIB$$6058b2cf] is not eligible for getting processed by all BeanPostProcessors (for example: not eligible for auto-proxying)
2021-01-13 18:32:00.753  INFO 62609 --- [    Test worker] o.s.b.w.embedded.tomcat.TomcatWebServer  : Tomcat initialized with port(s): 0 (http)
2021-01-13 18:32:00.774  INFO 62609 --- [    Test worker] o.apache.catalina.core.StandardService   : Starting service [Tomcat]
2021-01-13 18:32:00.775  INFO 62609 --- [    Test worker] org.apache.catalina.core.StandardEngine  : Starting Servlet engine: [Apache Tomcat/9.0.22]
2021-01-13 18:32:00.875  INFO 62609 --- [    Test worker] o.a.c.c.C.[Tomcat].[localhost].[/]       : Initializing Spring embedded WebApplicationContext
2021-01-13 18:32:00.876  INFO 62609 --- [    Test worker] o.s.web.context.ContextLoader            : Root WebApplicationContext: initialization completed in 816 ms
2021-01-13 18:32:01.035  INFO 62609 --- [    Test worker] com.zaxxer.hikari.HikariDataSource       : HikariPool-1 - Starting...
2021-01-13 18:32:01.146  INFO 62609 --- [    Test worker] com.zaxxer.hikari.HikariDataSource       : HikariPool-1 - Start completed.
2021-01-13 18:32:01.204  INFO 62609 --- [    Test worker] o.hibernate.jpa.internal.util.LogHelper  : HHH000204: Processing PersistenceUnitInfo [
	name: default
	...]
2021-01-13 18:32:01.253  INFO 62609 --- [    Test worker] org.hibernate.Version                    : HHH000412: Hibernate Core {5.3.10.Final}
2021-01-13 18:32:01.254  INFO 62609 --- [    Test worker] org.hibernate.cfg.Environment            : HHH000206: hibernate.properties not found
2021-01-13 18:32:01.289  INFO 62609 --- [    Test worker] o.hibernate.annotations.common.Version   : HCANN000001: Hibernate Commons Annotations {5.0.4.Final}
2021-01-13 18:32:01.394  INFO 62609 --- [    Test worker] org.hibernate.dialect.Dialect            : HHH000400: Using dialect: org.hibernate.dialect.H2Dialect
Hibernate: drop table posts if exists
Hibernate: drop table user if exists
Hibernate: create table posts (id bigint generated by default as identity, created_date timestamp, modified_date timestamp, author varchar(255), content TEXT not null, title varchar(500) not null, primary key (id))
Hibernate: create table user (id bigint generated by default as identity, created_date timestamp, modified_date timestamp, email varchar(255) not null, name varchar(255) not null, picture varchar(255), role varchar(255) not null, primary key (id))
2021-01-13 18:32:02.008  INFO 62609 --- [    Test worker] o.h.t.schema.internal.SchemaCreatorImpl  : HHH000476: Executing import script 'org.hibernate.tool.schema.internal.exec.ScriptSourceInputNonExistentImpl@15180483'
2021-01-13 18:32:02.011  INFO 62609 --- [    Test worker] j.LocalContainerEntityManagerFactoryBean : Initialized JPA EntityManagerFactory for persistence unit 'default'
2021-01-13 18:32:02.456  INFO 62609 --- [    Test worker] o.h.h.i.QueryTranslatorFactoryInitiator  : HHH000397: Using ASTQueryTranslatorFactory
2021-01-13 18:32:02.662  INFO 62609 --- [    Test worker] o.s.s.web.DefaultSecurityFilterChain     : Creating filter chain: any request, [org.springframework.security.web.context.request.async.WebAsyncManagerIntegrationFilter@62967854, org.springframework.security.web.context.SecurityContextPersistenceFilter@6078e7c1, org.springframework.security.web.header.HeaderWriterFilter@4c9513ff, org.springframework.security.web.authentication.logout.LogoutFilter@3b314896, org.springframework.security.oauth2.client.web.OAuth2AuthorizationRequestRedirectFilter@18e335e9, org.springframework.security.oauth2.client.web.OAuth2LoginAuthenticationFilter@a865157, org.springframework.security.web.authentication.ui.DefaultLoginPageGeneratingFilter@1c50e232, org.springframework.security.web.authentication.ui.DefaultLogoutPageGeneratingFilter@63433b97, org.springframework.security.web.savedrequest.RequestCacheAwareFilter@5a9fdb10, org.springframework.security.web.servletapi.SecurityContextHolderAwareRequestFilter@3e712157, org.springframework.security.web.authentication.AnonymousAuthenticationFilter@5bf7c241, org.springframework.security.web.session.SessionManagementFilter@6738a76c, org.springframework.security.web.access.ExceptionTranslationFilter@1df4e523, org.springframework.security.web.access.intercept.FilterSecurityInterceptor@779031ce]
2021-01-13 18:32:02.810  INFO 62609 --- [    Test worker] o.s.s.concurrent.ThreadPoolTaskExecutor  : Initializing ExecutorService 'applicationTaskExecutor'
2021-01-13 18:32:02.825  WARN 62609 --- [    Test worker] aWebConfiguration$JpaWebMvcConfiguration : spring.jpa.open-in-view is enabled by default. Therefore, database queries may be performed during view rendering. Explicitly configure spring.jpa.open-in-view to disable this warning
2021-01-13 18:32:02.852  INFO 62609 --- [    Test worker] o.s.b.a.w.s.WelcomePageHandlerMapping    : Adding welcome page template: index
2021-01-13 18:32:03.343  INFO 62609 --- [    Test worker] s.a.ScheduledAnnotationBeanPostProcessor : No TaskScheduler/ScheduledExecutorService bean found for scheduled processing
2021-01-13 18:32:03.362  INFO 62609 --- [    Test worker] o.s.b.w.embedded.tomcat.TomcatWebServer  : Tomcat started on port(s): 60177 (http) with context path ''
2021-01-13 18:32:03.364  INFO 62609 --- [    Test worker] j.b.springboot.web.IndexControllerTest   : Started IndexControllerTest in 3.329 seconds (JVM running for 5.734)
2021-01-13 18:32:03.428  INFO 62609 --- [o-auto-1-exec-1] o.a.c.c.C.[Tomcat].[localhost].[/]       : Initializing Spring DispatcherServlet 'dispatcherServlet'
2021-01-13 18:32:03.428  INFO 62609 --- [o-auto-1-exec-1] o.s.web.servlet.DispatcherServlet        : Initializing Servlet 'dispatcherServlet'
2021-01-13 18:32:03.437  INFO 62609 --- [o-auto-1-exec-1] o.s.web.servlet.DispatcherServlet        : Completed initialization in 9 ms
Hibernate: select posts0_.id as id1_0_, posts0_.created_date as created_2_0_, posts0_.modified_date as modified3_0_, posts0_.author as author4_0_, posts0_.content as content5_0_, posts0_.title as title6_0_ from posts posts0_ order by posts0_.id DESC
]]></system-out>
  <system-err><![CDATA[]]></system-err>
</testsuite>
